<?xml version="1.0" encoding="UTF-8"?>
<!-- Generated by org.testng.reporters.JUnitReportReporter -->
<testsuite hostname="DIMPC" name="lesson11.SqlGroupDaoTest" tests="5" failures="0" timestamp="26 Aug 2016 09:11:37 GMT" time="1.300" errors="0">
  <testcase name="selectAllGroupsTest" time="0.117" classname="lesson11.SqlGroupDaoTest"/>
  <testcase name="selectGroupTest" time="0.038" classname="lesson11.SqlGroupDaoTest"/>
  <testcase name="updateGroupTest" time="0.125" classname="lesson11.SqlGroupDaoTest"/>
  <testcase name="deleteGroupTest" time="0.967" classname="lesson11.SqlGroupDaoTest"/>
  <testcase name="insertGroupTest" time="0.053" classname="lesson11.SqlGroupDaoTest"/>
</testsuite> <!-- lesson11.SqlGroupDaoTest -->
