<?xml version="1.0" encoding="UTF-8"?>
<!-- Generated by org.testng.reporters.JUnitReportReporter -->
<testsuite hostname="DIMPC" name="lesson11.SqlMarkDaoTest" tests="5" failures="0" timestamp="26 Aug 2016 09:19:07 GMT" time="1.430" errors="0">
  <testcase name="selectAllMarksTest" time="0.094" classname="lesson11.SqlMarkDaoTest"/>
  <testcase name="selectMarkTest" time="0.069" classname="lesson11.SqlMarkDaoTest"/>
  <testcase name="updateMarkTest" time="0.062" classname="lesson11.SqlMarkDaoTest"/>
  <testcase name="deleteMarkTest" time="1.037" classname="lesson11.SqlMarkDaoTest"/>
  <testcase name="insertMarkTest" time="0.168" classname="lesson11.SqlMarkDaoTest"/>
</testsuite> <!-- lesson11.SqlMarkDaoTest -->
