<?xml version="1.0" encoding="UTF-8"?>
<!-- Generated by org.testng.reporters.JUnitReportReporter -->
<testsuite hostname="DIMPC" name="lesson11.SqlStudentDaoTest" tests="5" failures="0" timestamp="26 Aug 2016 09:18:49 GMT" time="2.389" errors="0">
  <testcase name="selectStudentTest" time="0.127" classname="lesson11.SqlStudentDaoTest"/>
  <testcase name="deleteStudentTest" time="0.205" classname="lesson11.SqlStudentDaoTest"/>
  <testcase name="insertStudentTest" time="1.902" classname="lesson11.SqlStudentDaoTest"/>
  <testcase name="selectAllStudentTest" time="0.075" classname="lesson11.SqlStudentDaoTest"/>
  <testcase name="updateStudentTest" time="0.080" classname="lesson11.SqlStudentDaoTest"/>
</testsuite> <!-- lesson11.SqlStudentDaoTest -->
